Build started 11/04/2024 2:45:05 CH.
     1>Project "C:\Users\hoang\OneDrive\Máy tính\ltnc2\war plane\war plane\war plane.vcxproj" on node 2 (Build target(s)).
     1>ClCompile:
         C:\Program Files (x86)\Microsoft Visual Studio 11.0\VC\bin\CL.exe /c /ZI /nologo /W3 /WX- /Od /Oy- /D WIN32 /D _DEBUG /D _CONSOLE /D _UNICODE /D UNICODE /Gm /EHsc /RTC1 /MDd /GS /fp:precise /Zc:wchar_t /Zc:forScope /Fo"Debug\\" /Fd"Debug\vc110.pdb" /Gd /TP /analyze- /errorReport:prompt ThreatObject.cpp main.cpp
         main.cpp
     1>c:\users\hoang\onedrive\máy tính\ltnc2\war plane\war plane\main.cpp(63): warning C4244: '=' : conversion from 'double' to 'int', possible loss of data
     1>c:\users\hoang\onedrive\máy tính\ltnc2\war plane\war plane\main.cpp(88): warning C4244: '=' : conversion from 'double' to 'int', possible loss of data
     1>c:\users\hoang\onedrive\máy tính\ltnc2\war plane\war plane\main.cpp(222): warning C4244: 'initializing' : conversion from 'double' to 'int', possible loss of data
     1>c:\users\hoang\onedrive\máy tính\ltnc2\war plane\war plane\main.cpp(223): warning C4244: 'initializing' : conversion from 'double' to 'int', possible loss of data
     1>c:\users\hoang\onedrive\máy tính\ltnc2\war plane\war plane\main.cpp(279): warning C4018: '<' : signed/unsigned mismatch
     1>c:\users\hoang\onedrive\máy tính\ltnc2\war plane\war plane\main.cpp(289): warning C4244: 'initializing' : conversion from 'double' to 'int', possible loss of data
     1>c:\users\hoang\onedrive\máy tính\ltnc2\war plane\war plane\main.cpp(290): warning C4244: 'initializing' : conversion from 'double' to 'int', possible loss of data
     1>c:\users\hoang\onedrive\máy tính\ltnc2\war plane\war plane\main.cpp(343): warning C4244: 'initializing' : conversion from 'double' to 'int', possible loss of data
     1>c:\users\hoang\onedrive\máy tính\ltnc2\war plane\war plane\main.cpp(344): warning C4244: 'initializing' : conversion from 'double' to 'int', possible loss of data
     1>c:\users\hoang\onedrive\máy tính\ltnc2\war plane\war plane\main.cpp(361): warning C4244: 'initializing' : conversion from 'double' to 'int', possible loss of data
     1>c:\users\hoang\onedrive\máy tính\ltnc2\war plane\war plane\main.cpp(362): warning C4244: 'initializing' : conversion from 'double' to 'int', possible loss of data
     1>c:\users\hoang\onedrive\máy tính\ltnc2\war plane\war plane\main.cpp(411): warning C4018: '<' : signed/unsigned mismatch
     1>c:\users\hoang\onedrive\máy tính\ltnc2\war plane\war plane\main.cpp(419): warning C4244: 'initializing' : conversion from 'double' to 'int', possible loss of data
     1>c:\users\hoang\onedrive\máy tính\ltnc2\war plane\war plane\main.cpp(420): warning C4244: 'initializing' : conversion from 'double' to 'int', possible loss of data
         ThreatObject.cpp
     1>c:\users\hoang\onedrive\máy tính\ltnc2\war plane\war plane\threatobject.cpp(30): warning C4244: '=' : conversion from 'double' to 'int', possible loss of data
     1>c:\users\hoang\onedrive\máy tính\ltnc2\war plane\war plane\threatobject.cpp(48): warning C4244: 'argument' : conversion from 'double' to 'const int', possible loss of data
     1>c:\users\hoang\onedrive\máy tính\ltnc2\war plane\war plane\threatobject.cpp(59): warning C4018: '<' : signed/unsigned mismatch
     1>c:\users\hoang\onedrive\máy tính\ltnc2\war plane\war plane\threatobject.cpp(72): warning C4244: 'argument' : conversion from 'double' to 'const int', possible loss of data
     1>c:\users\hoang\onedrive\máy tính\ltnc2\war plane\war plane\threatobject.cpp(86): warning C4244: '=' : conversion from 'double' to 'int', possible loss of data
     1>c:\users\hoang\onedrive\máy tính\ltnc2\war plane\war plane\threatobject.cpp(90): warning C4018: '<' : signed/unsigned mismatch
     1>c:\users\hoang\onedrive\máy tính\ltnc2\war plane\war plane\threatobject.cpp(103): warning C4244: 'argument' : conversion from 'double' to 'const int', possible loss of data
         Generating Code...
       Link:
         C:\Program Files (x86)\Microsoft Visual Studio 11.0\VC\bin\link.exe /ERRORREPORT:PROMPT /OUT:"C:\Users\hoang\OneDrive\Máy tính\ltnc2\war plane\Debug\war plane.exe" /INCREMENTAL /NOLOGO SDL.lib SDLMain.lib SDL_image.lib SDL_mixer.lib SDL_ttf.lib kernel32.lib user32.lib gdi32.lib winspool.lib comdlg32.lib advapi32.lib shell32.lib ole32.lib oleaut32.lib uuid.lib odbc32.lib odbccp32.lib /MANIFEST /MANIFESTUAC:"level='asInvoker' uiAccess='false'" /manifest:embed /DEBUG /PDB:"C:\Users\hoang\OneDrive\Máy tính\ltnc2\war plane\Debug\war plane.pdb" /SUBSYSTEM:CONSOLE /TLBID:1 /DYNAMICBASE /NXCOMPAT /IMPLIB:"C:\Users\hoang\OneDrive\Máy tính\ltnc2\war plane\Debug\war plane.lib" /MACHINE:X86 Debug\BulletObject.obj
         Debug\BaseObject.obj
         Debug\ExplosionObject.obj
         Debug\HeartObject.obj
         Debug\MainObject.obj
         Debug\main.obj
         Debug\SkillObject.obj
         Debug\TextObject.obj
         Debug\ThreatObject.obj
         Debug\thuvien.obj
         war plane.vcxproj -> C:\Users\hoang\OneDrive\Máy tính\ltnc2\war plane\Debug\war plane.exe
     1>Done Building Project "C:\Users\hoang\OneDrive\Máy tính\ltnc2\war plane\war plane\war plane.vcxproj" (Build target(s)).

Build succeeded.

Time Elapsed 00:00:02.71
